17:39:23 **** Build of configuration DBG_END_Vegetronic for project Rum_802154 ****
make all 
Building file: ../.metadata/.plugins/org.eclipse.cdt.make.core/specs.c
Invoking: AVR Compiler
avr-gcc -DNODE_TYPE=ENDDEVICE -DSERIAL=0 -DDEBUG=0 -DSENSOR_TYPE=SENSOR_SOILM -Wall -g3 -gstabs -O2 -fpack-struct -fshort-enums -ffunction-sections -fdata-sections -std=gnu99 -funsigned-char -funsigned-bitfields -g -mmcu=atmega324p -DF_CPU=8000000UL -MMD -MP -MF".metadata/.plugins/org.eclipse.cdt.make.core/specs.d" -MT".metadata/.plugins/org.eclipse.cdt.make.core/specs.d" -c -o".metadata/.plugins/org.eclipse.cdt.make.core/specs.o" "../.metadata/.plugins/org.eclipse.cdt.make.core/specs.c"
Finished building: ../.metadata/.plugins/org.eclipse.cdt.make.core/specs.c
 
Building target: image.elf
Invoking: AVR C Linker
avr-gcc -Wl,-Map,image.map -Wl,-u,vfprintf -lprintf_flt -lm -mmcu=atmega324p -o"image.elf"  ./Sensors/measure.o  ./.metadata/.plugins/org.eclipse.cdt.make.core/specs.o  ./AppMenuTask.o ./AppStack.o ./EE_prom.o ./avr_timer.o ./hal_avr.o ./i2c.o ./mac_associate.o ./mac_beacon.o ./mac_data.o ./mac_event.o ./mac_init.o ./mac_route.o ./mac_scan.o ./main.o ./radio.o ./sensors.o ./serial.o ./sleep.o   -lm
Finished building target: image.elf
 
Invoking: AVR Create Extended Listing
avr-objdump -h -S image.elf  >"image.lss"
Finished building: image.lss
 
Create Flash image (ihex format)
avr-objcopy -R .eeprom -R .fuse -R .lock -R .signature -O ihex image.elf  "image.hex"
Finished building: image.hex
 
Create eeprom image (ihex format)
avr-objcopy -j .eeprom --no-change-warnings --change-section-lma .eeprom=0 -O ihex image.elf  "image.eep"
Finished building: image.eep
 
Invoking: Print Size
avr-size --format=avr --mcu=atmega324p image.elf
AVR Memory Usage
----------------
Device: atmega324p

Program:   13026 bytes (39.8% Full)
(.text + .data + .bootloader)

Data:        443 bytes (21.6% Full)
(.data + .bss + .noinit)


Finished building: sizedummy
 
Invoking: AVRDude
C:\WinAVR-20100110\bin\avrdude -pm324p -cjtag2 -Pusb  -u -Uflash:w:image.hex:a -Ulfuse:w:0xe2:m -Uhfuse:w:0x31:m -Uefuse:w:0xfd:m
avrdude: usbdev_open(): did not find any USB device "usb" (0x03eb:0x2103)

avrdude done.  Thank you.

make: *** [avrdudedummy] Error 1

17:39:24 Build Finished (took 1s.32ms)

